[2024-03-20 22:09:12.498 +0700] INFO (7384): a INFO message from Logger Page
[2024-03-20 22:09:12.499 +0700] INFO (7384): a INFO message from Logger Page
    info: "Info"
[2024-03-20 22:09:12.499 +0700] WARN (7384): a WARN message from Logger Page
[2024-03-20 22:09:12.499 +0700] WARN (7384): a WARN message from Logger Page
    warn: "Warn"
[2024-03-20 22:09:12.499 +0700] ERROR (7384): a ERROR message from Logger Page
[2024-03-20 22:09:12.499 +0700] ERROR (7384): a ERROR message from Logger Page
    error: "Error"
[2024-03-20 22:09:34.813 +0700] INFO (7384): a INFO message from /api/logger
[2024-03-20 22:09:34.813 +0700] INFO (7384): a INFO message from /api/logger
    info: "Info"
[2024-03-20 22:09:34.813 +0700] WARN (7384): a WARN message from /api/logger
[2024-03-20 22:09:34.813 +0700] WARN (7384): a WARN message from /api/logger
    warn: "Warn"
[2024-03-20 22:09:34.813 +0700] ERROR (7384): a ERROR message from /api/logger
[2024-03-20 22:09:34.814 +0700] ERROR (7384): a ERROR message from /api/logger
    cookies: {
      "next-auth.csrf-token": "1697c752db338f71473a059956cba8afb1960ec0b986ce7c708c4d89319d50b6|58ef53114d9d58bcbdd32f9cb3e6db8b1c4ea962cdf7da8acd06d96aa37cf29c",
      "next-auth.callback-url": "http://localhost:3000/"
    }
    method: "GET"
    url: "/api/logger"
    error: "Error"
